<?xml version="1.0" encoding="UTF-8"?>
<robot generator="Robot 3.2.2 (Python 3.11.2 on win32)" generated="20240307 19:25:04.346" rpa="false">
<suite id="s1" name="Binder Amazon Gajendra" source="C:\Eclipse_WS\Binder_Amazon_Gajendra">
<suite id="s1-s1" name="Test Cases" source="C:\Eclipse_WS\Binder_Amazon_Gajendra\Test Cases">
<suite id="s1-s1-s1" name="CheckoutTestCases" source="C:\Eclipse_WS\Binder_Amazon_Gajendra\Test Cases\CheckoutTestCases.robot">
<kw name="Begin Test" library="CommonFunctionalities" type="setup">
<arguments>
<arg>Chrome</arg>
<arg>${validMobileNumber}</arg>
<arg>${validPassword}</arg>
</arguments>
<kw name="Begin Test for login" library="CommonFunctionalities">
<arguments>
<arg>${browser}</arg>
</arguments>
<kw name="Set Screenshot Directory" library="SeleniumLibrary">
<doc>Sets the directory for captured screenshots.</doc>
<arguments>
<arg>../Screenshots</arg>
</arguments>
<status status="PASS" starttime="20240307 19:25:04.544" endtime="20240307 19:25:04.544"></status>
</kw>
<kw name="Create Webdriver" library="SeleniumLibrary">
<doc>Creates an instance of Selenium WebDriver.</doc>
<arguments>
<arg>${browser}</arg>
</arguments>
<msg timestamp="20240307 19:25:04.545" level="INFO">Creating an instance of the Chrome WebDriver.</msg>
<msg timestamp="20240307 19:25:07.742" level="INFO">Cannot capture screenshot because no browser is open.</msg>
<msg timestamp="20240307 19:25:07.746" level="FAIL">SessionNotCreatedException: Message: session not created: This version of ChromeDriver only supports Chrome version 120
Current browser version is 122.0.6261.95 with binary path C:\Program Files\Google\Chrome\Application\chrome.exe
Stacktrace:
	GetHandleVerifier [0x00007FF6448C4D02+56194]
	(No symbol) [0x00007FF6448304B2]
	(No symbol) [0x00007FF6446D76AA]
	(No symbol) [0x00007FF644711652]
	(No symbol) [0x00007FF64471094D]
	(No symbol) [0x00007FF64470B84F]
	(No symbol) [0x00007FF644707DC2]
	(No symbol) [0x00007FF644750954]
	(No symbol) [0x00007FF644745C23]
	(No symbol) [0x00007FF644714A45]
	(No symbol) [0x00007FF644715AD4]
	GetHandleVerifier [0x00007FF644C3D5BB+3695675]
	GetHandleVerifier [0x00007FF644C96197+4059159]
	GetHandleVerifier [0x00007FF644C8DF63+4025827]
	GetHandleVerifier [0x00007FF64495F029+687785]
	(No symbol) [0x00007FF64483B508]
	(No symbol) [0x00007FF644837564]
	(No symbol) [0x00007FF6448376E9]
	(No symbol) [0x00007FF644828094]
	BaseThreadInitThunk [0x00007FFE752D257D+29]
	RtlUserThreadStart [0x00007FFE7604AA58+40]
</msg>
<status status="FAIL" starttime="20240307 19:25:04.545" endtime="20240307 19:25:07.746"></status>
</kw>
<status status="FAIL" starttime="20240307 19:25:04.543" endtime="20240307 19:25:07.746"></status>
</kw>
<status status="FAIL" starttime="20240307 19:25:04.543" endtime="20240307 19:25:07.747"></status>
</kw>
<test id="s1-s1-s1-t1" name="Checkout_Functional_TestCase04">
<status status="FAIL" starttime="20240307 19:25:07.747" endtime="20240307 19:25:07.747" critical="yes">Parent suite setup failed:
SessionNotCreatedException: Message: session not created: This version of ChromeDriver only supports Chrome version 120
Current browser version is 122.0.6261.95 with binary path C:\Program Files\Google\Chrome\Application\chrome.exe
Stacktrace:
	GetHandleVerifier [0x00007FF6448C4D02+56194]
	(No symbol) [0x00007FF6448304B2]
	(No symbol) [0x00007FF6446D76AA]
	(No symbol) [0x00007FF644711652]
	(No symbol) [0x00007FF64471094D]
	(No symbol) [0x00007FF64470B84F]
	(No symbol) [0x00007FF644707DC2]
	(No symbol) [0x00007FF644750954]
	(No symbol) [0x00007FF644745C23]
	(No symbol) [0x00007FF644714A45]
	(No symbol) [0x00007FF644715AD4]
	GetHandleVerifier [0x00007FF644C3D5BB+3695675]
	GetHandleVerifier [0x00007FF644C96197+4059159]
	GetHandleVerifier [0x00007FF644C8DF63+4025827]
	GetHandleVerifier [0x00007FF64495F029+687785]
	(No symbol) [0x00007FF64483B508]
	(No symbol) [0x00007FF644837564]
	(No symbol) [0x00007FF6448376E9]
	(No symbol) [0x00007FF644828094]
	BaseThreadInitThunk [0x00007FFE752D257D+29]
	RtlUserThreadStart [0x00007FFE7604AA58+40]
</status>
</test>
<kw name="End Test for checkout" library="CommonFunctionalities" type="teardown">
<kw name="Close Browser" library="SeleniumLibrary">
<doc>Closes the current browser.</doc>
<status status="PASS" starttime="20240307 19:25:07.748" endtime="20240307 19:25:07.749"></status>
</kw>
<status status="PASS" starttime="20240307 19:25:07.748" endtime="20240307 19:25:07.749"></status>
</kw>
<status status="FAIL" starttime="20240307 19:25:04.387" endtime="20240307 19:25:07.749">Suite setup failed:
SessionNotCreatedException: Message: session not created: This version of ChromeDriver only supports Chrome version 120
Current browser version is 122.0.6261.95 with binary path C:\Program Files\Google\Chrome\Application\chrome.exe
Stacktrace:
	GetHandleVerifier [0x00007FF6448C4D02+56194]
	(No symbol) [0x00007FF6448304B2]
	(No symbol) [0x00007FF6446D76AA]
	(No symbol) [0x00007FF644711652]
	(No symbol) [0x00007FF64471094D]
	(No symbol) [0x00007FF64470B84F]
	(No symbol) [0x00007FF644707DC2]
	(No symbol) [0x00007FF644750954]
	(No symbol) [0x00007FF644745C23]
	(No symbol) [0x00007FF644714A45]
	(No symbol) [0x00007FF644715AD4]
	GetHandleVerifier [0x00007FF644C3D5BB+3695675]
	GetHandleVerifier [0x00007FF644C96197+4059159]
	GetHandleVerifier [0x00007FF644C8DF63+4025827]
	GetHandleVerifier [0x00007FF64495F029+687785]
	(No symbol) [0x00007FF64483B508]
	(No symbol) [0x00007FF644837564]
	(No symbol) [0x00007FF6448376E9]
	(No symbol) [0x00007FF644828094]
	BaseThreadInitThunk [0x00007FFE752D257D+29]
	RtlUserThreadStart [0x00007FFE7604AA58+40]
</status>
</suite>
<status status="FAIL" starttime="20240307 19:25:04.384" endtime="20240307 19:25:07.751"></status>
</suite>
<status status="FAIL" starttime="20240307 19:25:04.370" endtime="20240307 19:25:07.751"></status>
</suite>
<statistics>
<total>
<stat pass="0" fail="1">Critical Tests</stat>
<stat pass="0" fail="1">All Tests</stat>
</total>
<tag>
</tag>
<suite>
<stat pass="0" fail="1" id="s1" name="Binder Amazon Gajendra">Binder Amazon Gajendra</stat>
<stat pass="0" fail="1" id="s1-s1" name="Test Cases">Binder Amazon Gajendra.Test Cases</stat>
<stat pass="0" fail="1" id="s1-s1-s1" name="CheckoutTestCases">Binder Amazon Gajendra.Test Cases.CheckoutTestCases</stat>
</suite>
</statistics>
<errors>
</errors>
</robot>
